<?xml version="1.0" encoding="UTF-8"?>
<!-- Generated by org.testng.reporters.JUnitReportReporter -->
<testsuite skipped="1" hostname="DESKTOP-08P06U8" name="test.EbaySearchTest" tests="2" failures="0" timestamp="2020-03-20T19:16:32 CET" time="27.217" errors="1">
  <testcase name="setup" time="27.217" classname="test.EbaySearchTest">
    <error type="org.openqa.selenium.SessionNotCreatedException" message="session not created
from chrome not reachable
  (Session info: chrome=80.0.3987.149)
Build info: version: &#039;3.141.59&#039;, revision: &#039;e82be7d358&#039;, time: &#039;2018-11-14T08:25:48&#039;
System info: host: &#039;DESKTOP-08P06U8&#039;, ip: &#039;192.168.0.107&#039;, os.name: &#039;Windows 10&#039;, os.arch: &#039;amd64&#039;, os.version: &#039;10.0&#039;, java.version: &#039;1.8.0_241&#039;
Driver info: driver.version: ChromeDriver
remote stacktrace: Backtrace:
	Ordinal0 [0x00F20C83+1707139]
	Ordinal0 [0x00E868F1+1075441]
	Ordinal0 [0x00DFDE72+515698]
	Ordinal0 [0x00DF7CA8+490664]
	Ordinal0 [0x00DF839B+492443]
	Ordinal0 [0x00DF92F5+496373]
	Ordinal0 [0x00DF4F05+478981]
	Ordinal0 [0x00DFECA0+519328]
	Ordinal0 [0x00DACA67+182887]
	Ordinal0 [0x00DABDDD+179677]
	Ordinal0 [0x00DA9D4B+171339]
	Ordinal0 [0x00D91D4A+73034]
	Ordinal0 [0x00D92DC0+77248]
	Ordinal0 [0x00D92D59+77145]
	Ordinal0 [0x00E9BB67+1162087]
	GetHandleVerifier [0x00FBA966+508998]
	GetHandleVerifier [0x00FBA6A4+508292]
	GetHandleVerifier [0x00FCF7B7+594583]
	GetHandleVerifier [0x00FBB1D6+511158]
	Ordinal0 [0x00E9402C+1130540]
	Ordinal0 [0x00E9D4CB+1168587]
	Ordinal0 [0x00E9D633+1168947]
	Ordinal0 [0x00EB5B35+1268533]
	BaseThreadInitThunk [0x776B6359+25]
	RtlGetAppContainerNamedObjectPath [0x777F7B74+228]
	RtlGetAppContainerNamedObjectPath [0x777F7B44+180]
">
      <![CDATA[org.openqa.selenium.SessionNotCreatedException: session not created
from chrome not reachable
  (Session info: chrome=80.0.3987.149)
Build info: version: '3.141.59', revision: 'e82be7d358', time: '2018-11-14T08:25:48'
System info: host: 'DESKTOP-08P06U8', ip: '192.168.0.107', os.name: 'Windows 10', os.arch: 'amd64', os.version: '10.0', java.version: '1.8.0_241'
Driver info: driver.version: ChromeDriver
remote stacktrace: Backtrace:
Ordinal0 [0x00F20C83+1707139]
Ordinal0 [0x00E868F1+1075441]
Ordinal0 [0x00DFDE72+515698]
Ordinal0 [0x00DF7CA8+490664]
Ordinal0 [0x00DF839B+492443]
Ordinal0 [0x00DF92F5+496373]
Ordinal0 [0x00DF4F05+478981]
Ordinal0 [0x00DFECA0+519328]
Ordinal0 [0x00DACA67+182887]
Ordinal0 [0x00DABDDD+179677]
Ordinal0 [0x00DA9D4B+171339]
Ordinal0 [0x00D91D4A+73034]
Ordinal0 [0x00D92DC0+77248]
Ordinal0 [0x00D92D59+77145]
Ordinal0 [0x00E9BB67+1162087]
GetHandleVerifier [0x00FBA966+508998]
GetHandleVerifier [0x00FBA6A4+508292]
GetHandleVerifier [0x00FCF7B7+594583]
GetHandleVerifier [0x00FBB1D6+511158]
Ordinal0 [0x00E9402C+1130540]
Ordinal0 [0x00E9D4CB+1168587]
Ordinal0 [0x00E9D633+1168947]
Ordinal0 [0x00EB5B35+1268533]
BaseThreadInitThunk [0x776B6359+25]
RtlGetAppContainerNamedObjectPath [0x777F7B74+228]
RtlGetAppContainerNamedObjectPath [0x777F7B44+180]

at sun.reflect.NativeConstructorAccessorImpl.newInstance0(Native Method)
at sun.reflect.NativeConstructorAccessorImpl.newInstance(Unknown Source)
at sun.reflect.DelegatingConstructorAccessorImpl.newInstance(Unknown Source)
at java.lang.reflect.Constructor.newInstance(Unknown Source)
at org.openqa.selenium.remote.W3CHandshakeResponse.lambda$errorHandler$0(W3CHandshakeResponse.java:62)
at org.openqa.selenium.remote.HandshakeResponse.lambda$getResponseFunction$0(HandshakeResponse.java:30)
at org.openqa.selenium.remote.ProtocolHandshake.lambda$createSession$0(ProtocolHandshake.java:126)
at java.util.stream.ReferencePipeline$3$1.accept(Unknown Source)
at java.util.Spliterators$ArraySpliterator.tryAdvance(Unknown Source)
at java.util.stream.ReferencePipeline.forEachWithCancel(Unknown Source)
at java.util.stream.AbstractPipeline.copyIntoWithCancel(Unknown Source)
at java.util.stream.AbstractPipeline.copyInto(Unknown Source)
at java.util.stream.AbstractPipeline.wrapAndCopyInto(Unknown Source)
at java.util.stream.FindOps$FindOp.evaluateSequential(Unknown Source)
at java.util.stream.AbstractPipeline.evaluate(Unknown Source)
at java.util.stream.ReferencePipeline.findFirst(Unknown Source)
at org.openqa.selenium.remote.ProtocolHandshake.createSession(ProtocolHandshake.java:128)
at org.openqa.selenium.remote.ProtocolHandshake.createSession(ProtocolHandshake.java:74)
at org.openqa.selenium.remote.HttpCommandExecutor.execute(HttpCommandExecutor.java:136)
at org.openqa.selenium.remote.service.DriverCommandExecutor.execute(DriverCommandExecutor.java:83)
at org.openqa.selenium.remote.RemoteWebDriver.execute(RemoteWebDriver.java:552)
at org.openqa.selenium.remote.RemoteWebDriver.startSession(RemoteWebDriver.java:213)
at org.openqa.selenium.remote.RemoteWebDriver.<init>(RemoteWebDriver.java:131)
at org.openqa.selenium.chrome.ChromeDriver.<init>(ChromeDriver.java:181)
at org.openqa.selenium.chrome.ChromeDriver.<init>(ChromeDriver.java:168)
at org.openqa.selenium.chrome.ChromeDriver.<init>(ChromeDriver.java:123)
at test.EbaySearchTest.setup(EbaySearchTest.java:36)
at sun.reflect.NativeMethodAccessorImpl.invoke0(Native Method)
at sun.reflect.NativeMethodAccessorImpl.invoke(Unknown Source)
at sun.reflect.DelegatingMethodAccessorImpl.invoke(Unknown Source)
at java.lang.reflect.Method.invoke(Unknown Source)
at org.testng.internal.MethodInvocationHelper.invokeMethod(MethodInvocationHelper.java:133)
at org.testng.internal.MethodInvocationHelper.invokeMethodConsideringTimeout(MethodInvocationHelper.java:62)
at org.testng.internal.ConfigInvoker.invokeConfigurationMethod(ConfigInvoker.java:340)
at org.testng.internal.ConfigInvoker.invokeConfigurations(ConfigInvoker.java:294)
at org.testng.internal.TestMethodWorker.invokeBeforeClassMethods(TestMethodWorker.java:176)
at org.testng.internal.TestMethodWorker.run(TestMethodWorker.java:122)
at java.util.ArrayList.forEach(Unknown Source)
at org.testng.TestRunner.privateRun(TestRunner.java:770)
at org.testng.TestRunner.run(TestRunner.java:591)
at org.testng.SuiteRunner.runTest(SuiteRunner.java:402)
at org.testng.SuiteRunner.runSequentially(SuiteRunner.java:396)
at org.testng.SuiteRunner.privateRun(SuiteRunner.java:355)
at org.testng.SuiteRunner.run(SuiteRunner.java:304)
at org.testng.SuiteRunnerWorker.runSuite(SuiteRunnerWorker.java:53)
at org.testng.SuiteRunnerWorker.run(SuiteRunnerWorker.java:96)
at org.testng.TestNG.runSuitesSequentially(TestNG.java:1180)
at org.testng.TestNG.runSuitesLocally(TestNG.java:1102)
at org.testng.TestNG.runSuites(TestNG.java:1032)
at org.testng.TestNG.run(TestNG.java:1000)
at org.testng.remote.AbstractRemoteTestNG.run(AbstractRemoteTestNG.java:115)
at org.testng.remote.RemoteTestNG.initAndRun(RemoteTestNG.java:251)
at org.testng.remote.RemoteTestNG.main(RemoteTestNG.java:77)
]]>
    </error>
  </testcase> <!-- setup -->
  <testcase name="searchEbayTest" time="0.000" classname="test.EbaySearchTest">
    <skipped/>
  </testcase> <!-- searchEbayTest -->
</testsuite> <!-- test.EbaySearchTest -->
