<?xml version="1.0" encoding="UTF-8"?>
<!-- Generated by org.testng.reporters.JUnitXMLReporter -->
<testsuite hostname="DESKTOP-08P06U8" ignored="0" name="ChromeTest" tests="9" failures="9" timestamp="2020-04-01T12:23:14 CEST" time="52.286" errors="0">
  <testcase name="enterTest" time="0.023" classname="tests.EnterStoreTest">
    <failure type="java.lang.NullPointerException">
      <![CDATA[java.lang.NullPointerException
at tests.EnterStoreTest.enterTest(EnterStoreTest.java:57)
at java.util.ArrayList.forEach(Unknown Source)
... Removed 27 stack frames]]>
    </failure>
  </testcase> <!-- enterTest -->
  <testcase name="linkToRightPageTest" time="0.029" classname="tests.PetStoreMenuTest">
    <failure type="java.lang.NullPointerException">
      <![CDATA[java.lang.NullPointerException
at tests.PetStoreMenuTest.linkToRightPageTest(PetStoreMenuTest.java:68)
at java.util.ArrayList.forEach(Unknown Source)
... Removed 27 stack frames]]>
    </failure>
  </testcase> <!-- linkToRightPageTest -->
  <testcase name="topMenuContentTest" time="0.02" classname="tests.PetStoreMenuTest">
    <failure type="java.lang.NullPointerException">
      <![CDATA[java.lang.NullPointerException
at pages.PetStoreMenuPage.getCartPage(PetStoreMenuPage.java:123)
at pages.PetStoreMenuPage.clickCartPage(PetStoreMenuPage.java:127)
at tests.PetStoreMenuTest.topMenuContentTest(PetStoreMenuTest.java:93)
at java.util.ArrayList.forEach(Unknown Source)
... Removed 27 stack frames]]>
    </failure>
  </testcase> <!-- topMenuContentTest -->
  <testcase name="verifyUrlTest" time="0.024" classname="tests.PetStoreMenuTest">
    <failure type="java.lang.NullPointerException">
      <![CDATA[java.lang.NullPointerException
at pages.PetStoreMenuPage.getLeftNav(PetStoreMenuPage.java:27)
at pages.PetStoreMenuPage.checkLeftNavLinks(PetStoreMenuPage.java:46)
at tests.PetStoreMenuTest.verifyUrlTest(PetStoreMenuTest.java:61)
at java.util.ArrayList.forEach(Unknown Source)
... Removed 27 stack frames]]>
    </failure>
  </testcase> <!-- verifyUrlTest -->
  <testcase name="fillInFormTest" time="0.017" classname="tests.RegistrationTest">
    <failure type="java.lang.NullPointerException">
      <![CDATA[java.lang.NullPointerException
at tests.RegistrationTest.fillInFormTest(RegistrationTest.java:55)
at java.util.ArrayList.forEach(Unknown Source)
... Removed 27 stack frames]]>
    </failure>
  </testcase> <!-- fillInFormTest -->
  <testcase name="SigningInTest" time="0.011" classname="tests.SignInTest">
    <failure type="java.lang.NullPointerException">
      <![CDATA[java.lang.NullPointerException
at pages.SignInPage.signIn(SignInPage.java:47)
at tests.SignInTest.SigningInTest(SignInTest.java:60)
at java.util.ArrayList.forEach(Unknown Source)
... Removed 27 stack frames]]>
    </failure>
  </testcase> <!-- SigningInTest -->
  <testcase name="addToCartTest" time="0.044" classname="tests.CartTest">
    <failure type="java.lang.NullPointerException">
      <![CDATA[java.lang.NullPointerException
at pages.StoreItemPage.addAllToCart(StoreItemPage.java:35)
at tests.CartTest.addToCartTest(CartTest.java:62)
at java.util.ArrayList.forEach(Unknown Source)
... Removed 27 stack frames]]>
    </failure>
  </testcase> <!-- addToCartTest -->
  <testcase name="totalCostTest" time="0.018" classname="tests.CartTest">
    <failure type="java.lang.NullPointerException">
      <![CDATA[java.lang.NullPointerException
at pages.CartPage.getTotalCost(CartPage.java:38)
at pages.CartPage.sumTotalCost(CartPage.java:46)
at pages.CartPage.isEqual(CartPage.java:66)
at tests.CartTest.totalCostTest(CartTest.java:71)
at java.util.ArrayList.forEach(Unknown Source)
... Removed 27 stack frames]]>
    </failure>
  </testcase> <!-- totalCostTest -->
  <testcase name="clearCookiesTest" time="0.005" classname="tests.CartTest">
    <failure type="java.lang.NullPointerException">
      <![CDATA[java.lang.NullPointerException
at pages.StoreItemPage.addAllToCart(StoreItemPage.java:35)
at tests.CartTest.clearCookiesTest(CartTest.java:80)
at java.util.ArrayList.forEach(Unknown Source)
... Removed 27 stack frames]]>
    </failure>
  </testcase> <!-- clearCookiesTest -->
</testsuite> <!-- ChromeTest -->
